SF:lib\data\http\http_error.dart
DA:1,1
LF:1
LH:1
end_of_record
SF:lib\data\models\remote_account_model.dart
DA:6,0
DA:8,0
DA:9,0
DA:12,0
DA:13,0
DA:17,0
DA:18,0
DA:19,0
LF:8
LH:0
end_of_record
SF:lib\data\usecases\remote_authentication.dart
DA:15,0
DA:17,0
DA:18,0
DA:20,0
DA:21,0
DA:24,0
DA:25,0
DA:26,0
DA:37,0
DA:42,0
DA:43,0
DA:45,0
LF:12
LH:0
end_of_record
SF:lib\domain\usercases\authentication.dart
DA:15,0
DA:16,0
DA:18,0
LF:3
LH:0
end_of_record
SF:lib\domain\entities\account_entity.dart
DA:3,0
LF:1
LH:0
end_of_record
SF:lib\domain\helpers\domain_error.dart
DA:1,1
DA:7,0
DA:9,0
DA:11,0
LF:4
LH:1
end_of_record
SF:lib\infra\http\http_adapater.dart
DA:10,0
DA:13,0
DA:18,0
DA:22,0
DA:23,0
DA:25,0
DA:27,0
DA:33,0
DA:36,0
DA:37,0
DA:38,0
DA:39,0
DA:41,0
DA:43,0
DA:45,0
DA:47,0
LF:16
LH:0
end_of_record
SF:lib\main\builders\validation_build.dart
DA:7,1
DA:11,1
DA:12,1
DA:13,2
DA:14,1
DA:17,1
DA:18,4
DA:22,1
DA:23,4
DA:27,2
LF:10
LH:10
end_of_record
SF:lib\main\factories\http\api_url_factory.dart
DA:3,0
DA:4,0
LF:2
LH:0
end_of_record
SF:lib\main\factories\http\http_client_factory.dart
DA:7,0
DA:9,0
DA:11,0
LF:3
LH:0
end_of_record
SF:lib\main\factories\pages\login\login_page_factory.dart
DA:8,0
DA:10,0
LF:2
LH:0
end_of_record
SF:lib\main\factories\pages\login\login_presenter_factory.dart
DA:6,0
DA:7,0
DA:8,0
DA:9,0
LF:4
LH:0
end_of_record
SF:lib\main\factories\pages\login\login_validation_factory.dart
DA:7,0
DA:8,0
DA:9,0
DA:13,1
DA:14,1
DA:15,4
DA:16,3
LF:7
LH:4
end_of_record
SF:lib\main\factories\usecases\authentication_factory.dart
DA:6,0
DA:9,0
DA:10,0
DA:11,0
LF:4
LH:0
end_of_record
SF:lib\presentation\presenters\stream_login_presenter.dart
DA:18,0
DA:19,0
DA:20,0
DA:21,0
DA:22,0
DA:35,0
DA:37,0
DA:39,0
DA:41,0
DA:43,0
DA:44,0
DA:45,0
DA:46,0
DA:48,0
DA:50,0
DA:52,0
DA:54,0
DA:56,0
DA:59,0
DA:61,0
DA:63,0
DA:64,0
DA:65,0
DA:68,0
DA:70,0
DA:71,0
DA:72,0
DA:73,0
DA:77,0
DA:78,0
DA:79,0
DA:82,0
DA:83,0
DA:84,0
DA:85,0
DA:86,0
DA:89,0
DA:90,0
DA:93,0
DA:95,0
DA:96,0
DA:99,0
LF:42
LH:0
end_of_record
SF:lib\ui\components\app_theme.dart
DA:3,0
DA:9,0
DA:13,0
DA:14,0
DA:32,0
DA:33,0
DA:35,0
DA:36,0
DA:41,0
DA:42,0
DA:44,0
DA:45,0
DA:50,0
DA:56,0
DA:57,0
DA:63,0
DA:64,0
LF:17
LH:0
end_of_record
SF:lib\ui\components\login_header.dart
DA:4,1
DA:6,0
DA:8,0
DA:10,0
DA:13,0
DA:14,0
DA:17,0
DA:18,0
DA:19,0
LF:9
LH:1
end_of_record
SF:lib\ui\components\head_line1.dart
DA:7,1
DA:9,0
DA:11,0
DA:13,0
DA:14,0
DA:16,0
LF:6
LH:1
end_of_record
SF:lib\ui\components\spinner_dialog.dart
DA:3,0
DA:4,0
DA:7,0
DA:8,0
DA:9,0
DA:10,0
DA:29,0
DA:30,0
DA:31,0
LF:9
LH:0
end_of_record
SF:lib\ui\components\error_message.dart
DA:5,0
DA:6,0
DA:7,0
DA:8,0
DA:9,0
LF:5
LH:0
end_of_record
SF:lib\ui\pages\login\components\email_input.dart
DA:8,1
DA:10,0
DA:12,0
DA:14,0
DA:15,0
DA:16,0
DA:17,0
DA:18,0
DA:19,0
DA:20,0
DA:22,0
DA:23,0
DA:25,0
LF:13
LH:1
end_of_record
SF:lib\ui\pages\login\components\password_input.dart
DA:9,1
DA:11,0
DA:14,0
DA:16,0
DA:17,0
DA:18,0
DA:19,0
DA:20,0
DA:21,0
DA:22,0
DA:24,0
DA:25,0
DA:27,0
LF:13
LH:1
end_of_record
SF:lib\ui\pages\login\components\login_button.dart
DA:10,1
DA:12,0
DA:15,0
DA:17,0
DA:18,0
DA:19,0
DA:20,0
DA:21,0
DA:22,0
DA:23,0
LF:10
LH:1
end_of_record
SF:lib\ui\pages\login\login_page.dart
DA:9,0
DA:13,0
DA:14,0
DA:19,0
DA:20,0
DA:21,0
DA:22,0
DA:26,0
DA:29,0
DA:30,0
DA:33,0
DA:35,0
DA:36,0
DA:37,0
DA:38,0
DA:39,0
DA:40,0
DA:42,0
DA:45,0
DA:47,0
DA:50,0
DA:51,0
DA:52,0
DA:53,0
DA:55,0
DA:58,0
DA:60,0
DA:61,0
DA:62,0
DA:63,0
DA:65,0
DA:66,0
DA:73,0
DA:74,0
LF:34
LH:0
end_of_record
SF:lib\validation\validators\email_validation.dart
DA:10,1
DA:11,2
DA:13,1
DA:15,0
DA:17,0
DA:18,0
LF:6
LH:3
end_of_record
SF:lib\validation\validators\required_field_validation.dart
DA:9,1
DA:10,2
DA:12,1
DA:14,0
DA:16,0
LF:5
LH:3
end_of_record
SF:lib\validation\validators\validation_composite.dart
DA:7,0
DA:9,0
DA:13,0
DA:14,0
DA:15,0
LF:5
LH:0
end_of_record
